Start testing: Jun 15 19:08 CDT
----------------------------------------------------------
1/14 Testing: KeybindTest.NormalizesKeybindDisplay
1/14 Test: KeybindTest.NormalizesKeybindDisplay
Command: "/home/groovy/Projects/Code/clipdeck/build/clipdeck_tests" "--gtest_filter=KeybindTest.NormalizesKeybindDisplay" "--gtest_also_run_disabled_tests"
Directory: /home/groovy/Projects/Code/clipdeck/build
"KeybindTest.NormalizesKeybindDisplay" start time: Jun 15 19:08 CDT
Output:
----------------------------------------------------------
Running main() from /home/groovy/Projects/Code/clipdeck/build/_deps/googletest-src/googletest/src/gtest_main.cc
Note: Google Test filter = KeybindTest.NormalizesKeybindDisplay
[==========] Running 1 test from 1 test suite.
[----------] Global test environment set-up.
[----------] 1 test from KeybindTest
[ RUN      ] KeybindTest.NormalizesKeybindDisplay
[       OK ] KeybindTest.NormalizesKeybindDisplay (0 ms)
[----------] 1 test from KeybindTest (0 ms total)

[----------] Global test environment tear-down
[==========] 1 test from 1 test suite ran. (0 ms total)
[  PASSED  ] 1 test.
<end of output>
Test time =   0.00 sec
----------------------------------------------------------
Test Passed.
"KeybindTest.NormalizesKeybindDisplay" end time: Jun 15 19:08 CDT
"KeybindTest.NormalizesKeybindDisplay" time elapsed: 00:00:00
----------------------------------------------------------

2/14 Testing: KeybindTest.ParsesSupportedRequirements
2/14 Test: KeybindTest.ParsesSupportedRequirements
Command: "/home/groovy/Projects/Code/clipdeck/build/clipdeck_tests" "--gtest_filter=KeybindTest.ParsesSupportedRequirements" "--gtest_also_run_disabled_tests"
Directory: /home/groovy/Projects/Code/clipdeck/build
"KeybindTest.ParsesSupportedRequirements" start time: Jun 15 19:08 CDT
Output:
----------------------------------------------------------
Running main() from /home/groovy/Projects/Code/clipdeck/build/_deps/googletest-src/googletest/src/gtest_main.cc
Note: Google Test filter = KeybindTest.ParsesSupportedRequirements
[==========] Running 1 test from 1 test suite.
[----------] Global test environment set-up.
[----------] 1 test from KeybindTest
[ RUN      ] KeybindTest.ParsesSupportedRequirements
[       OK ] KeybindTest.ParsesSupportedRequirements (0 ms)
[----------] 1 test from KeybindTest (0 ms total)

[----------] Global test environment tear-down
[==========] 1 test from 1 test suite ran. (0 ms total)
[  PASSED  ] 1 test.
<end of output>
Test time =   0.00 sec
----------------------------------------------------------
Test Passed.
"KeybindTest.ParsesSupportedRequirements" end time: Jun 15 19:08 CDT
"KeybindTest.ParsesSupportedRequirements" time elapsed: 00:00:00
----------------------------------------------------------

3/14 Testing: KeybindTest.RejectsUnsupportedTokens
3/14 Test: KeybindTest.RejectsUnsupportedTokens
Command: "/home/groovy/Projects/Code/clipdeck/build/clipdeck_tests" "--gtest_filter=KeybindTest.RejectsUnsupportedTokens" "--gtest_also_run_disabled_tests"
Directory: /home/groovy/Projects/Code/clipdeck/build
"KeybindTest.RejectsUnsupportedTokens" start time: Jun 15 19:08 CDT
Output:
----------------------------------------------------------
Running main() from /home/groovy/Projects/Code/clipdeck/build/_deps/googletest-src/googletest/src/gtest_main.cc
Note: Google Test filter = KeybindTest.RejectsUnsupportedTokens
[==========] Running 1 test from 1 test suite.
[----------] Global test environment set-up.
[----------] 1 test from KeybindTest
[ RUN      ] KeybindTest.RejectsUnsupportedTokens
[       OK ] KeybindTest.RejectsUnsupportedTokens (0 ms)
[----------] 1 test from KeybindTest (0 ms total)

[----------] Global test environment tear-down
[==========] 1 test from 1 test suite ran. (0 ms total)
[  PASSED  ] 1 test.
<end of output>
Test time =   0.01 sec
----------------------------------------------------------
Test Passed.
"KeybindTest.RejectsUnsupportedTokens" end time: Jun 15 19:08 CDT
"KeybindTest.RejectsUnsupportedTokens" time elapsed: 00:00:00
----------------------------------------------------------

4/14 Testing: KeybindTest.ConvertsRawControlCharacters
4/14 Test: KeybindTest.ConvertsRawControlCharacters
Command: "/home/groovy/Projects/Code/clipdeck/build/clipdeck_tests" "--gtest_filter=KeybindTest.ConvertsRawControlCharacters" "--gtest_also_run_disabled_tests"
Directory: /home/groovy/Projects/Code/clipdeck/build
"KeybindTest.ConvertsRawControlCharacters" start time: Jun 15 19:08 CDT
Output:
----------------------------------------------------------
Running main() from /home/groovy/Projects/Code/clipdeck/build/_deps/googletest-src/googletest/src/gtest_main.cc
Note: Google Test filter = KeybindTest.ConvertsRawControlCharacters
[==========] Running 1 test from 1 test suite.
[----------] Global test environment set-up.
[----------] 1 test from KeybindTest
[ RUN      ] KeybindTest.ConvertsRawControlCharacters
[       OK ] KeybindTest.ConvertsRawControlCharacters (0 ms)
[----------] 1 test from KeybindTest (0 ms total)

[----------] Global test environment tear-down
[==========] 1 test from 1 test suite ran. (0 ms total)
[  PASSED  ] 1 test.
<end of output>
Test time =   0.00 sec
----------------------------------------------------------
Test Passed.
"KeybindTest.ConvertsRawControlCharacters" end time: Jun 15 19:08 CDT
"KeybindTest.ConvertsRawControlCharacters" time elapsed: 00:00:00
----------------------------------------------------------

5/14 Testing: EncodedRingBufferTest.EvictsByTargetDuration
5/14 Test: EncodedRingBufferTest.EvictsByTargetDuration
Command: "/home/groovy/Projects/Code/clipdeck/build/clipdeck_tests" "--gtest_filter=EncodedRingBufferTest.EvictsByTargetDuration" "--gtest_also_run_disabled_tests"
Directory: /home/groovy/Projects/Code/clipdeck/build
"EncodedRingBufferTest.EvictsByTargetDuration" start time: Jun 15 19:08 CDT
Output:
----------------------------------------------------------
Running main() from /home/groovy/Projects/Code/clipdeck/build/_deps/googletest-src/googletest/src/gtest_main.cc
Note: Google Test filter = EncodedRingBufferTest.EvictsByTargetDuration
[==========] Running 1 test from 1 test suite.
[----------] Global test environment set-up.
[----------] 1 test from EncodedRingBufferTest
[ RUN      ] EncodedRingBufferTest.EvictsByTargetDuration
[       OK ] EncodedRingBufferTest.EvictsByTargetDuration (0 ms)
[----------] 1 test from EncodedRingBufferTest (0 ms total)

[----------] Global test environment tear-down
[==========] 1 test from 1 test suite ran. (0 ms total)
[  PASSED  ] 1 test.
<end of output>
Test time =   0.00 sec
----------------------------------------------------------
Test Passed.
"EncodedRingBufferTest.EvictsByTargetDuration" end time: Jun 15 19:08 CDT
"EncodedRingBufferTest.EvictsByTargetDuration" time elapsed: 00:00:00
----------------------------------------------------------

6/14 Testing: EncodedRingBufferTest.EvictsByMemoryBudget
6/14 Test: EncodedRingBufferTest.EvictsByMemoryBudget
Command: "/home/groovy/Projects/Code/clipdeck/build/clipdeck_tests" "--gtest_filter=EncodedRingBufferTest.EvictsByMemoryBudget" "--gtest_also_run_disabled_tests"
Directory: /home/groovy/Projects/Code/clipdeck/build
"EncodedRingBufferTest.EvictsByMemoryBudget" start time: Jun 15 19:08 CDT
Output:
----------------------------------------------------------
Running main() from /home/groovy/Projects/Code/clipdeck/build/_deps/googletest-src/googletest/src/gtest_main.cc
Note: Google Test filter = EncodedRingBufferTest.EvictsByMemoryBudget
[==========] Running 1 test from 1 test suite.
[----------] Global test environment set-up.
[----------] 1 test from EncodedRingBufferTest
[ RUN      ] EncodedRingBufferTest.EvictsByMemoryBudget
[       OK ] EncodedRingBufferTest.EvictsByMemoryBudget (0 ms)
[----------] 1 test from EncodedRingBufferTest (0 ms total)

[----------] Global test environment tear-down
[==========] 1 test from 1 test suite ran. (0 ms total)
[  PASSED  ] 1 test.
<end of output>
Test time =   0.01 sec
----------------------------------------------------------
Test Passed.
"EncodedRingBufferTest.EvictsByMemoryBudget" end time: Jun 15 19:08 CDT
"EncodedRingBufferTest.EvictsByMemoryBudget" time elapsed: 00:00:00
----------------------------------------------------------

7/14 Testing: EncodedRingBufferTest.SelectsLastDurationStartingAtKeyframeWhenAvailable
7/14 Test: EncodedRingBufferTest.SelectsLastDurationStartingAtKeyframeWhenAvailable
Command: "/home/groovy/Projects/Code/clipdeck/build/clipdeck_tests" "--gtest_filter=EncodedRingBufferTest.SelectsLastDurationStartingAtKeyframeWhenAvailable" "--gtest_also_run_disabled_tests"
Directory: /home/groovy/Projects/Code/clipdeck/build
"EncodedRingBufferTest.SelectsLastDurationStartingAtKeyframeWhenAvailable" start time: Jun 15 19:08 CDT
Output:
----------------------------------------------------------
Running main() from /home/groovy/Projects/Code/clipdeck/build/_deps/googletest-src/googletest/src/gtest_main.cc
Note: Google Test filter = EncodedRingBufferTest.SelectsLastDurationStartingAtKeyframeWhenAvailable
[==========] Running 1 test from 1 test suite.
[----------] Global test environment set-up.
[----------] 1 test from EncodedRingBufferTest
[ RUN      ] EncodedRingBufferTest.SelectsLastDurationStartingAtKeyframeWhenAvailable
[       OK ] EncodedRingBufferTest.SelectsLastDurationStartingAtKeyframeWhenAvailable (0 ms)
[----------] 1 test from EncodedRingBufferTest (0 ms total)

[----------] Global test environment tear-down
[==========] 1 test from 1 test suite ran. (0 ms total)
[  PASSED  ] 1 test.
<end of output>
Test time =   0.01 sec
----------------------------------------------------------
Test Passed.
"EncodedRingBufferTest.SelectsLastDurationStartingAtKeyframeWhenAvailable" end time: Jun 15 19:08 CDT
"EncodedRingBufferTest.SelectsLastDurationStartingAtKeyframeWhenAvailable" time elapsed: 00:00:00
----------------------------------------------------------

8/14 Testing: NumberParserTest.ParsesPositiveIntegers
8/14 Test: NumberParserTest.ParsesPositiveIntegers
Command: "/home/groovy/Projects/Code/clipdeck/build/clipdeck_tests" "--gtest_filter=NumberParserTest.ParsesPositiveIntegers" "--gtest_also_run_disabled_tests"
Directory: /home/groovy/Projects/Code/clipdeck/build
"NumberParserTest.ParsesPositiveIntegers" start time: Jun 15 19:08 CDT
Output:
----------------------------------------------------------
Running main() from /home/groovy/Projects/Code/clipdeck/build/_deps/googletest-src/googletest/src/gtest_main.cc
Note: Google Test filter = NumberParserTest.ParsesPositiveIntegers
[==========] Running 1 test from 1 test suite.
[----------] Global test environment set-up.
[----------] 1 test from NumberParserTest
[ RUN      ] NumberParserTest.ParsesPositiveIntegers
[       OK ] NumberParserTest.ParsesPositiveIntegers (0 ms)
[----------] 1 test from NumberParserTest (0 ms total)

[----------] Global test environment tear-down
[==========] 1 test from 1 test suite ran. (0 ms total)
[  PASSED  ] 1 test.
<end of output>
Test time =   0.00 sec
----------------------------------------------------------
Test Passed.
"NumberParserTest.ParsesPositiveIntegers" end time: Jun 15 19:08 CDT
"NumberParserTest.ParsesPositiveIntegers" time elapsed: 00:00:00
----------------------------------------------------------

9/14 Testing: NumberParserTest.RejectsInvalidIntegers
9/14 Test: NumberParserTest.RejectsInvalidIntegers
Command: "/home/groovy/Projects/Code/clipdeck/build/clipdeck_tests" "--gtest_filter=NumberParserTest.RejectsInvalidIntegers" "--gtest_also_run_disabled_tests"
Directory: /home/groovy/Projects/Code/clipdeck/build
"NumberParserTest.RejectsInvalidIntegers" start time: Jun 15 19:08 CDT
Output:
----------------------------------------------------------
Running main() from /home/groovy/Projects/Code/clipdeck/build/_deps/googletest-src/googletest/src/gtest_main.cc
Note: Google Test filter = NumberParserTest.RejectsInvalidIntegers
[==========] Running 1 test from 1 test suite.
[----------] Global test environment set-up.
[----------] 1 test from NumberParserTest
[ RUN      ] NumberParserTest.RejectsInvalidIntegers
[       OK ] NumberParserTest.RejectsInvalidIntegers (0 ms)
[----------] 1 test from NumberParserTest (0 ms total)

[----------] Global test environment tear-down
[==========] 1 test from 1 test suite ran. (0 ms total)
[  PASSED  ] 1 test.
<end of output>
Test time =   0.01 sec
----------------------------------------------------------
Test Passed.
"NumberParserTest.RejectsInvalidIntegers" end time: Jun 15 19:08 CDT
"NumberParserTest.RejectsInvalidIntegers" time elapsed: 00:00:00
----------------------------------------------------------

10/14 Testing: SettingsStoreTest.LoadsDefaultsWhenFileDoesNotExist
10/14 Test: SettingsStoreTest.LoadsDefaultsWhenFileDoesNotExist
Command: "/home/groovy/Projects/Code/clipdeck/build/clipdeck_tests" "--gtest_filter=SettingsStoreTest.LoadsDefaultsWhenFileDoesNotExist" "--gtest_also_run_disabled_tests"
Directory: /home/groovy/Projects/Code/clipdeck/build
"SettingsStoreTest.LoadsDefaultsWhenFileDoesNotExist" start time: Jun 15 19:08 CDT
Output:
----------------------------------------------------------
Running main() from /home/groovy/Projects/Code/clipdeck/build/_deps/googletest-src/googletest/src/gtest_main.cc
Note: Google Test filter = SettingsStoreTest.LoadsDefaultsWhenFileDoesNotExist
[==========] Running 1 test from 1 test suite.
[----------] Global test environment set-up.
[----------] 1 test from SettingsStoreTest
[ RUN      ] SettingsStoreTest.LoadsDefaultsWhenFileDoesNotExist
[       OK ] SettingsStoreTest.LoadsDefaultsWhenFileDoesNotExist (0 ms)
[----------] 1 test from SettingsStoreTest (0 ms total)

[----------] Global test environment tear-down
[==========] 1 test from 1 test suite ran. (0 ms total)
[  PASSED  ] 1 test.
<end of output>
Test time =   0.01 sec
----------------------------------------------------------
Test Passed.
"SettingsStoreTest.LoadsDefaultsWhenFileDoesNotExist" end time: Jun 15 19:08 CDT
"SettingsStoreTest.LoadsDefaultsWhenFileDoesNotExist" time elapsed: 00:00:00
----------------------------------------------------------

11/14 Testing: SettingsStoreTest.SavesAndLoadsSettings
11/14 Test: SettingsStoreTest.SavesAndLoadsSettings
Command: "/home/groovy/Projects/Code/clipdeck/build/clipdeck_tests" "--gtest_filter=SettingsStoreTest.SavesAndLoadsSettings" "--gtest_also_run_disabled_tests"
Directory: /home/groovy/Projects/Code/clipdeck/build
"SettingsStoreTest.SavesAndLoadsSettings" start time: Jun 15 19:08 CDT
Output:
----------------------------------------------------------
Running main() from /home/groovy/Projects/Code/clipdeck/build/_deps/googletest-src/googletest/src/gtest_main.cc
Note: Google Test filter = SettingsStoreTest.SavesAndLoadsSettings
[==========] Running 1 test from 1 test suite.
[----------] Global test environment set-up.
[----------] 1 test from SettingsStoreTest
[ RUN      ] SettingsStoreTest.SavesAndLoadsSettings
[       OK ] SettingsStoreTest.SavesAndLoadsSettings (0 ms)
[----------] 1 test from SettingsStoreTest (0 ms total)

[----------] Global test environment tear-down
[==========] 1 test from 1 test suite ran. (0 ms total)
[  PASSED  ] 1 test.
<end of output>
Test time =   0.01 sec
----------------------------------------------------------
Test Passed.
"SettingsStoreTest.SavesAndLoadsSettings" end time: Jun 15 19:08 CDT
"SettingsStoreTest.SavesAndLoadsSettings" time elapsed: 00:00:00
----------------------------------------------------------

12/14 Testing: StringUtilsTest.SplitsShellWordsWithQuotes
12/14 Test: StringUtilsTest.SplitsShellWordsWithQuotes
Command: "/home/groovy/Projects/Code/clipdeck/build/clipdeck_tests" "--gtest_filter=StringUtilsTest.SplitsShellWordsWithQuotes" "--gtest_also_run_disabled_tests"
Directory: /home/groovy/Projects/Code/clipdeck/build
"StringUtilsTest.SplitsShellWordsWithQuotes" start time: Jun 15 19:08 CDT
Output:
----------------------------------------------------------
Running main() from /home/groovy/Projects/Code/clipdeck/build/_deps/googletest-src/googletest/src/gtest_main.cc
Note: Google Test filter = StringUtilsTest.SplitsShellWordsWithQuotes
[==========] Running 1 test from 1 test suite.
[----------] Global test environment set-up.
[----------] 1 test from StringUtilsTest
[ RUN      ] StringUtilsTest.SplitsShellWordsWithQuotes
[       OK ] StringUtilsTest.SplitsShellWordsWithQuotes (0 ms)
[----------] 1 test from StringUtilsTest (0 ms total)

[----------] Global test environment tear-down
[==========] 1 test from 1 test suite ran. (0 ms total)
[  PASSED  ] 1 test.
<end of output>
Test time =   0.00 sec
----------------------------------------------------------
Test Passed.
"StringUtilsTest.SplitsShellWordsWithQuotes" end time: Jun 15 19:08 CDT
"StringUtilsTest.SplitsShellWordsWithQuotes" time elapsed: 00:00:00
----------------------------------------------------------

13/14 Testing: StringUtilsTest.SplitsEscapedSpaces
13/14 Test: StringUtilsTest.SplitsEscapedSpaces
Command: "/home/groovy/Projects/Code/clipdeck/build/clipdeck_tests" "--gtest_filter=StringUtilsTest.SplitsEscapedSpaces" "--gtest_also_run_disabled_tests"
Directory: /home/groovy/Projects/Code/clipdeck/build
"StringUtilsTest.SplitsEscapedSpaces" start time: Jun 15 19:08 CDT
Output:
----------------------------------------------------------
Running main() from /home/groovy/Projects/Code/clipdeck/build/_deps/googletest-src/googletest/src/gtest_main.cc
Note: Google Test filter = StringUtilsTest.SplitsEscapedSpaces
[==========] Running 1 test from 1 test suite.
[----------] Global test environment set-up.
[----------] 1 test from StringUtilsTest
[ RUN      ] StringUtilsTest.SplitsEscapedSpaces
[       OK ] StringUtilsTest.SplitsEscapedSpaces (0 ms)
[----------] 1 test from StringUtilsTest (0 ms total)

[----------] Global test environment tear-down
[==========] 1 test from 1 test suite ran. (0 ms total)
[  PASSED  ] 1 test.
<end of output>
Test time =   0.00 sec
----------------------------------------------------------
Test Passed.
"StringUtilsTest.SplitsEscapedSpaces" end time: Jun 15 19:08 CDT
"StringUtilsTest.SplitsEscapedSpaces" time elapsed: 00:00:00
----------------------------------------------------------

14/14 Testing: StringUtilsTest.JoinsCommandPreview
14/14 Test: StringUtilsTest.JoinsCommandPreview
Command: "/home/groovy/Projects/Code/clipdeck/build/clipdeck_tests" "--gtest_filter=StringUtilsTest.JoinsCommandPreview" "--gtest_also_run_disabled_tests"
Directory: /home/groovy/Projects/Code/clipdeck/build
"StringUtilsTest.JoinsCommandPreview" start time: Jun 15 19:08 CDT
Output:
----------------------------------------------------------
Running main() from /home/groovy/Projects/Code/clipdeck/build/_deps/googletest-src/googletest/src/gtest_main.cc
Note: Google Test filter = StringUtilsTest.JoinsCommandPreview
[==========] Running 1 test from 1 test suite.
[----------] Global test environment set-up.
[----------] 1 test from StringUtilsTest
[ RUN      ] StringUtilsTest.JoinsCommandPreview
[       OK ] StringUtilsTest.JoinsCommandPreview (0 ms)
[----------] 1 test from StringUtilsTest (0 ms total)

[----------] Global test environment tear-down
[==========] 1 test from 1 test suite ran. (0 ms total)
[  PASSED  ] 1 test.
<end of output>
Test time =   0.00 sec
----------------------------------------------------------
Test Passed.
"StringUtilsTest.JoinsCommandPreview" end time: Jun 15 19:08 CDT
"StringUtilsTest.JoinsCommandPreview" time elapsed: 00:00:00
----------------------------------------------------------

End testing: Jun 15 19:08 CDT
